[2026-04-17T21:09:32Z] === ENRICH ITERATION 1 START | repo=pydantic/pydantic-core sha=52b821df ===
[2026-04-17T21:09:32Z] [iter=1] PHASE START: enrich repo=pydantic/pydantic-core sha=52b821df runlog=/home/runner/work/forx/forx/storage/aggregate/lsp/logs/52b821df-enrich-iter-001.log output=/home/runner/work/forx/forx/storage/aggregate/lsp/52b821dfc304b061b3c2d528f91011229d25f0a1.nq.gz
[2026-04-17T21:09:48Z] [iter=1] Step 1: Loading AST into disk-backed store mem_mb=77 MB
[2026-04-17T21:10:23Z] [iter=1] AST store loaded triples=4067206 load_secs=33 mem_mb=935 MB
[2026-04-17T21:10:23Z] [iter=1] Step 2: Finding LSP targets mem_mb=935 MB
[2026-04-17T21:10:29Z] [iter=1] LSP targets found call_sites=30437 imports=1580 extends=276 implements=159 secs=7
[2026-04-17T21:10:34Z] [iter=1] Step 2.7: Building position index (one-shot, shared across resolvers) mem_mb=935 MB
[2026-04-17T21:10:56Z] [iter=1] Position index built positions=272502 nodes_with_types=354790 secs=22 mem_mb=935 MB
[2026-04-17T21:10:56Z] [iter=1] Step 3: Starting LSP resolution mem_mb=935 MB already_completed_types=[] already_completed_files=0
[2026-04-17T21:10:56Z] [iter=1] Resolving target type target_type=call_site count=30437
[2026-04-17T21:10:57Z] [iter=1] HEARTBEAT target_type=call_site elapsed_min=1.4 files_done=0 resolved=0 errors=0 current=tests/benchmarks/test_complete_benchmark.py
[2026-04-17T21:12:14Z] [iter=1] HEARTBEAT target_type=call_site elapsed_min=2.7 files_done=1 resolved=41 errors=46 current=tests/validators/test_definitions_recursive.py
[2026-04-17T21:14:44Z] [iter=1] HEARTBEAT target_type=call_site elapsed_min=5.2 files_done=2 resolved=327 errors=136 current=tests/validators/arguments_v3/test_general.py
[2026-04-17T21:16:42Z] [iter=1] HEARTBEAT target_type=call_site elapsed_min=7.2 files_done=4 resolved=419 errors=208 current=tests/conftest.py
[2026-04-17T21:19:27Z] [iter=1] HEARTBEAT target_type=call_site elapsed_min=9.9 files_done=6 resolved=539 errors=307 current=tests/validators/test_with_default.py
[2026-04-17T21:22:52Z] [iter=1] HEARTBEAT target_type=call_site elapsed_min=13.3 files_done=7 resolved=810 errors=428 current=tests/validators/test_tagged_union.py
[2026-04-17T21:24:29Z] [iter=1] HEARTBEAT target_type=call_site elapsed_min=14.9 files_done=8 resolved=894 errors=487 current=tests/serializers/test_other.py
[2026-04-17T21:29:48Z] [iter=1] HEARTBEAT target_type=call_site elapsed_min=20.3 files_done=10 resolved=1373 errors=679 current=tests/validators/arguments_v3/test_build_errors.py
[2026-04-17T21:38:03Z] [iter=1] HEARTBEAT target_type=call_site elapsed_min=28.5 files_done=12 resolved=1762 errors=977 current=tests/serializers/test_string.py
[2026-04-17T21:39:04Z] [iter=1] HEARTBEAT target_type=call_site elapsed_min=29.5 files_done=13 resolved=1782 errors=1014 current=tests/validators/test_union.py
[2026-04-17T21:44:19Z] [iter=1] HEARTBEAT target_type=call_site elapsed_min=34.8 files_done=14 resolved=2309 errors=1202 current=tests/serializers/test_timedelta.py
[2026-04-17T21:45:06Z] [iter=1] HEARTBEAT target_type=call_site elapsed_min=35.6 files_done=15 resolved=2329 errors=1230 current=tests/validators/test_int.py
[2026-04-17T21:48:40Z] [iter=1] HEARTBEAT target_type=call_site elapsed_min=39.1 files_done=16 resolved=2441 errors=1358 current=tests/benchmarks/test_serialization_micro.py
[2026-04-17T21:51:04Z] [iter=1] HEARTBEAT target_type=call_site elapsed_min=41.5 files_done=17 resolved=2607 errors=1445 current=tests/serializers/test_union.py
[2026-04-17T21:54:16Z] [iter=1] HEARTBEAT target_type=call_site elapsed_min=44.7 files_done=18 resolved=3035 errors=1561 current=tests/validators/test_url.py
[2026-04-17T21:59:05Z] [iter=1] HEARTBEAT target_type=call_site elapsed_min=49.5 files_done=19 resolved=3287 errors=1736 current=tests/validators/test_tuple.py
[2026-04-17T22:01:18Z] [iter=1] HEARTBEAT target_type=call_site elapsed_min=51.8 files_done=20 resolved=3382 errors=1816 current=tests/validators/test_dataclasses.py
[2026-04-17T22:06:51Z] [iter=1] HEARTBEAT target_type=call_site elapsed_min=57.3 files_done=21 resolved=3827 errors=2016 current=tests/validators/test_float.py
[2026-04-17T22:09:38Z] [iter=1] HEARTBEAT target_type=call_site elapsed_min=60.1 files_done=22 resolved=3905 errors=2118 current=tests/validators/test_model.py
[2026-04-17T22:13:04Z] [iter=1] HEARTBEAT target_type=call_site elapsed_min=63.5 files_done=23 resolved=4240 errors=2242 current=tests/serializers/test_typed_dict.py
[2026-04-17T22:14:51Z] [iter=1] HEARTBEAT target_type=call_site elapsed_min=65.3 files_done=24 resolved=4370 errors=2307 current=tests/serializers/test_functions.py
[2026-04-17T22:18:41Z] [iter=1] HEARTBEAT target_type=call_site elapsed_min=69.2 files_done=25 resolved=4525 errors=2447 current=tests/test_prebuilt.py
[2026-04-17T22:19:19Z] [iter=1] HEARTBEAT target_type=call_site elapsed_min=69.8 files_done=26 resolved=4628 errors=2470 current=tests/validators/test_datetime.py
[2026-04-17T22:22:38Z] [iter=1] HEARTBEAT target_type=call_site elapsed_min=73.1 files_done=27 resolved=4754 errors=2590 current=tests/validators/test_allow_partial.py
[2026-04-17T22:25:34Z] [iter=1] HEARTBEAT target_type=call_site elapsed_min=76.0 files_done=28 resolved=4827 errors=2697 current=tests/serializers/test_list_tuple.py
[2026-04-17T22:30:12Z] [iter=1] HEARTBEAT target_type=call_site elapsed_min=80.7 files_done=29 resolved=4937 errors=2864 current=tests/validators/test_bytes.py
[2026-04-17T22:31:04Z] [iter=1] HEARTBEAT target_type=call_site elapsed_min=81.5 files_done=30 resolved=4955 errors=2896 current=tests/validators/test_decimal.py
[2026-04-17T22:34:06Z] [iter=1] HEARTBEAT target_type=call_site elapsed_min=84.6 files_done=31 resolved=5141 errors=3005 current=tests/serializers/test_literal.py
[2026-04-17T22:34:58Z] [iter=1] HEARTBEAT target_type=call_site elapsed_min=85.4 files_done=32 resolved=5170 errors=3036 current=tests/serializers/test_simple.py
[2026-04-17T22:35:55Z] [iter=1] HEARTBEAT target_type=call_site elapsed_min=86.4 files_done=33 resolved=5220 errors=3070 current=tests/serializers/test_definitions.py
[2026-04-17T22:37:02Z] [iter=1] HEARTBEAT target_type=call_site elapsed_min=87.5 files_done=35 resolved=5320 errors=3110 current=tests/serializers/test_pickling.py
[2026-04-17T22:40:26Z] [iter=1] HEARTBEAT target_type=call_site elapsed_min=90.9 files_done=37 resolved=5585 errors=3234 current=tests/serializers/test_model.py
[2026-04-17T22:47:28Z] [iter=1] HEARTBEAT target_type=call_site elapsed_min=97.9 files_done=38 resolved=5932 errors=3491 current=tests/validators/test_time.py
[2026-04-17T22:49:21Z] [iter=1] HEARTBEAT target_type=call_site elapsed_min=99.8 files_done=39 resolved=5987 errors=3560 current=tests/validators/test_arguments.py
[2026-04-17T22:53:12Z] [iter=1] HEARTBEAT target_type=call_site elapsed_min=103.7 files_done=40 resolved=6137 errors=3700 current=tests/validators/test_set.py
[2026-04-17T22:54:45Z] [iter=1] HEARTBEAT target_type=call_site elapsed_min=105.2 files_done=41 resolved=6199 errors=3757 current=tests/validators/test_typed_dict.py
[2026-04-17T22:59:34Z] [iter=1] HEARTBEAT target_type=call_site elapsed_min=110.0 files_done=42 resolved=6434 errors=3932 current=tests/serializers/test_generator.py
[2026-04-17T23:01:16Z] [iter=1] HEARTBEAT target_type=call_site elapsed_min=111.7 files_done=43 resolved=6485 errors=3994 current=python/pydantic_core/core_schema.py
[2026-04-17T23:03:39Z] [iter=1] HEARTBEAT target_type=call_site elapsed_min=114.1 files_done=44 resolved=6511 errors=4080 current=tests/validators/test_model_root.py
[2026-04-17T23:04:20Z] [iter=1] HEARTBEAT target_type=call_site elapsed_min=114.8 files_done=45 resolved=6560 errors=4105 current=tests/test_errors.py
[2026-04-17T23:07:11Z] [iter=1] HEARTBEAT target_type=call_site elapsed_min=117.6 files_done=46 resolved=6787 errors=4208 current=tests/serializers/test_any.py
[2026-04-17T23:15:03Z] [iter=1] HEARTBEAT target_type=call_site elapsed_min=125.5 files_done=47 resolved=6939 errors=4495 current=tests/validators/arguments_v3/test_var_kwargs_uniform.py
[2026-04-17T23:16:44Z] [iter=1] HEARTBEAT target_type=call_site elapsed_min=127.2 files_done=49 resolved=7060 errors=4556 current=tests/validators/test_is_instance.py
[2026-04-17T23:17:56Z] [iter=1] HEARTBEAT target_type=call_site elapsed_min=128.4 files_done=50 resolved=7097 errors=4600 current=tests/validators/test_enums.py
[2026-04-17T23:21:42Z] [iter=1] HEARTBEAT target_type=call_site elapsed_min=132.2 files_done=51 resolved=7198 errors=4738 current=tests/validators/test_call.py
[2026-04-17T23:22:22Z] [iter=1] HEARTBEAT target_type=call_site elapsed_min=132.8 files_done=52 resolved=7247 errors=4762 current=tests/validators/test_literal.py
[2026-04-17T23:23:54Z] [iter=1] HEARTBEAT target_type=call_site elapsed_min=134.4 files_done=53 resolved=7282 errors=4818 current=tests/test_isinstance.py
[2026-04-17T23:24:27Z] [iter=1] HEARTBEAT target_type=call_site elapsed_min=134.9 files_done=54 resolved=7297 errors=4838 current=tests/validators/test_string.py
[2026-04-17T23:26:20Z] [iter=1] HEARTBEAT target_type=call_site elapsed_min=136.8 files_done=55 resolved=7398 errors=4905 current=tests/serializers/test_serialize_as_any.py
[2026-04-17T23:27:41Z] [iter=1] HEARTBEAT target_type=call_site elapsed_min=138.1 files_done=56 resolved=7530 errors=4954 current=tests/test_custom_errors.py
[2026-04-17T23:29:18Z] [iter=1] HEARTBEAT target_type=call_site elapsed_min=139.8 files_done=58 resolved=7622 errors=5012 current=tests/benchmarks/nested_schema.py
[2026-04-17T23:31:40Z] [iter=1] HEARTBEAT target_type=call_site elapsed_min=142.1 files_done=60 resolved=7682 errors=5098 current=tests/test_json.py
[2026-04-17T23:33:23Z] [iter=1] HEARTBEAT target_type=call_site elapsed_min=143.8 files_done=61 resolved=7827 errors=5160 current=tests/validators/test_timedelta.py
[2026-04-17T23:35:00Z] [iter=1] HEARTBEAT target_type=call_site elapsed_min=145.5 files_done=62 resolved=7887 errors=5218 current=tests/validators/test_dict.py
[2026-04-17T23:36:40Z] [iter=1] HEARTBEAT target_type=call_site elapsed_min=147.1 files_done=63 resolved=7975 errors=5278 current=tests/serializers/test_nullable.py
[2026-04-17T23:37:32Z] [iter=1] HEARTBEAT target_type=call_site elapsed_min=148.0 files_done=65 resolved=8034 errors=5309 current=tests/serializers/test_bytes.py
[2026-04-17T23:38:43Z] [iter=1] HEARTBEAT target_type=call_site elapsed_min=149.2 files_done=66 resolved=8076 errors=5352 current=tests/serializers/test_format.py
[2026-04-17T23:39:43Z] [iter=1] HEARTBEAT target_type=call_site elapsed_min=150.2 files_done=67 resolved=8117 errors=5388 current=tests/test_misc.py
[2026-04-17T23:40:39Z] [iter=1] HEARTBEAT target_type=call_site elapsed_min=151.1 files_done=69 resolved=8210 errors=5421 current=tests/validators/test_complex.py
[2026-04-17T23:41:57Z] [iter=1] HEARTBEAT target_type=call_site elapsed_min=152.4 files_done=70 resolved=8262 errors=5468 current=tests/validators/test_json.py
[2026-04-17T23:42:45Z] [iter=1] HEARTBEAT target_type=call_site elapsed_min=153.2 files_done=71 resolved=8294 errors=5497 current=tests/serializers/test_infer.py
[2026-04-17T23:44:13Z] [iter=1] HEARTBEAT target_type=call_site elapsed_min=154.7 files_done=74 resolved=8369 errors=5550 current=tests/serializers/test_enum.py
[2026-04-17T23:45:02Z] [iter=1] HEARTBEAT target_type=call_site elapsed_min=155.5 files_done=75 resolved=8388 errors=5580 current=tests/test_typing.py
[2026-04-17T23:47:39Z] [iter=1] HEARTBEAT target_type=call_site elapsed_min=158.1 files_done=77 resolved=8499 errors=5675 current=tests/serializers/test_set_frozenset.py
[2026-04-17T23:49:32Z] [iter=1] HEARTBEAT target_type=call_site elapsed_min=160.0 files_done=80 resolved=8678 errors=5743 current=wasm-preview/run_tests.py
[2026-04-17T23:50:10Z] [iter=1] HEARTBEAT target_type=call_site elapsed_min=160.6 files_done=82 resolved=8721 errors=5766 current=.github/check_version.py
[2026-04-17T23:50:43Z] [iter=1] HEARTBEAT target_type=call_site elapsed_min=161.2 files_done=84 resolved=8747 errors=5786 current=tests/serializers/test_dataclasses.py
[2026-04-17T23:52:15Z] [iter=1] HEARTBEAT target_type=call_site elapsed_min=162.7 files_done=85 resolved=8819 errors=5842 current=tests/serializers/test_url.py
[2026-04-17T23:53:10Z] [iter=1] HEARTBEAT target_type=call_site elapsed_min=163.6 files_done=86 resolved=8855 errors=5875 current=tests/test_validation_context.py
[2026-04-17T23:53:49Z] [iter=1] HEARTBEAT target_type=call_site elapsed_min=164.3 files_done=87 resolved=8875 errors=5899 current=tests/validators/test_nullable.py
[2026-04-17T23:54:46Z] [iter=1] HEARTBEAT target_type=call_site elapsed_min=165.2 files_done=89 resolved=8915 errors=5933 current=tests/validators/test_generator.py
[2026-04-17T23:55:39Z] [iter=1] HEARTBEAT target_type=call_site elapsed_min=166.1 files_done=90 resolved=8955 errors=5965 current=tests/validators/test_none.py
[2026-04-17T23:57:57Z] [iter=1] HEARTBEAT target_type=call_site elapsed_min=168.4 files_done=92 resolved=9012 errors=6048 current=tests/test_garbage_collection.py
[2026-04-17T23:58:29Z] [iter=1] HEARTBEAT target_type=call_site elapsed_min=168.9 files_done=94 resolved=9063 errors=6067 current=tests/validators/test_custom_error.py
[2026-04-17T23:59:04Z] [iter=1] HEARTBEAT target_type=call_site elapsed_min=169.5 files_done=96 resolved=9097 errors=6088 current=tests/test_build.py
[2026-04-17T23:59:50Z] [iter=1] HEARTBEAT target_type=call_site elapsed_min=170.3 files_done=99 resolved=9209 errors=6116 current=tests/validators/test_chain.py
[2026-04-18T00:00:55Z] [iter=1] HEARTBEAT target_type=call_site elapsed_min=171.4 files_done=102 resolved=9296 errors=6155 current=tests/serializers/test_json_or_python.py
[2026-04-18T00:01:31Z] [iter=1] HEARTBEAT target_type=call_site elapsed_min=172.0 files_done=106 resolved=9342 errors=6177 current=tests/serializers/test_json.py
[2026-04-18T00:02:09Z] [iter=1] HEARTBEAT target_type=call_site elapsed_min=172.6 files_done=107 resolved=9355 errors=6200 current=tests/validators/test_is_subclass.py
[2026-04-18T00:03:15Z] [iter=1] HEARTBEAT target_type=call_site elapsed_min=173.7 files_done=109 resolved=9379 errors=6240 current=tests/validators/test_pickling.py
[2026-04-18T00:03:58Z] [iter=1] HEARTBEAT target_type=call_site elapsed_min=174.4 files_done=112 resolved=9411 errors=6266 current=tests/validators/arguments_v3/test_var_args.py
[2026-04-18T00:04:31Z] [iter=1] HEARTBEAT target_type=call_site elapsed_min=175.0 files_done=115 resolved=9446 errors=6286 current=tests/test_docstrings.py
[2026-04-18T00:05:03Z] [iter=1] HEARTBEAT target_type=call_site elapsed_min=175.5 files_done=117 resolved=9462 errors=6305 current=python/pydantic_core/_pydantic_core.pyi
[2026-04-18T00:06:22Z] [iter=1] HEARTBEAT target_type=call_site elapsed_min=176.8 files_done=120 resolved=9475 errors=6331 current=src/input/input_json.rs
[2026-04-18T00:12:04Z] [iter=1] HEARTBEAT target_type=call_site elapsed_min=182.5 files_done=121 resolved=9597 errors=6539 current=benches/main.rs
[2026-04-18T00:21:01Z] [iter=1] HEARTBEAT target_type=call_site elapsed_min=191.5 files_done=122 resolved=9748 errors=6866 current=src/validators/time.rs
[2026-04-18T00:21:51Z] [iter=1] HEARTBEAT target_type=call_site elapsed_min=192.3 files_done=123 resolved=9765 errors=6896 current=src/errors/validation_exception.rs
[2026-04-18T00:25:19Z] [iter=1] HEARTBEAT target_type=call_site elapsed_min=195.8 files_done=124 resolved=9856 errors=7022 current=src/validators/definitions.rs
[2026-04-18T00:26:15Z] [iter=1] HEARTBEAT target_type=call_site elapsed_min=196.7 files_done=125 resolved=9869 errors=7056 current=src/errors/types.rs
[2026-04-18T00:29:04Z] [iter=1] HEARTBEAT target_type=call_site elapsed_min=199.5 files_done=126 resolved=9908 errors=7159 current=src/serializers/computed_fields.rs
[2026-04-18T00:30:26Z] [iter=1] HEARTBEAT target_type=call_site elapsed_min=200.9 files_done=127 resolved=9926 errors=7209 current=src/validators/generator.rs
[2026-04-18T00:31:50Z] [iter=1] HEARTBEAT target_type=call_site elapsed_min=202.3 files_done=128 resolved=9966 errors=7260 current=src/validators/arguments.rs
[2026-04-18T00:35:43Z] [iter=1] HEARTBEAT target_type=call_site elapsed_min=206.2 files_done=129 resolved=10012 errors=7402 current=src/validators/bool.rs
[2026-04-18T00:36:35Z] [iter=1] HEARTBEAT target_type=call_site elapsed_min=207.1 files_done=131 resolved=10026 errors=7434 current=src/serializers/type_serializers/with_default.rs
[2026-04-18T00:37:33Z] [iter=1] HEARTBEAT target_type=call_site elapsed_min=208.0 files_done=133 resolved=10087 errors=7469 current=src/serializers/type_serializers/union.rs
[2026-04-18T00:40:34Z] [iter=1] HEARTBEAT target_type=call_site elapsed_min=211.0 files_done=134 resolved=10132 errors=7579 current=src/input/input_string.rs
[2026-04-18T00:43:01Z] [iter=1] HEARTBEAT target_type=call_site elapsed_min=213.5 files_done=135 resolved=10176 errors=7669 current=src/input/datetime.rs
[2026-04-18T00:47:30Z] [iter=1] HEARTBEAT target_type=call_site elapsed_min=218.0 files_done=136 resolved=10309 errors=7833 current=src/validators/decimal.rs
[2026-04-18T00:50:21Z] [iter=1] HEARTBEAT target_type=call_site elapsed_min=220.8 files_done=137 resolved=10350 errors=7936 current=src/validators/missing_sentinel.rs
[2026-04-18T00:52:10Z] [iter=1] HEARTBEAT target_type=call_site elapsed_min=222.6 files_done=139 resolved=10387 errors=8003 current=src/serializers/infer.rs
[2026-04-18T01:00:13Z] [iter=1] HEARTBEAT target_type=call_site elapsed_min=230.7 files_done=140 resolved=10466 errors=8297 current=tests/test.rs
[2026-04-18T01:01:20Z] [iter=1] HEARTBEAT target_type=call_site elapsed_min=231.8 files_done=141 resolved=10486 errors=8338 current=src/serializers/ser.rs
[2026-04-18T01:07:34Z] [iter=1] HEARTBEAT target_type=call_site elapsed_min=238.0 files_done=142 resolved=10583 errors=8553 current=src/input/shared.rs
[2026-04-18T01:09:39Z] [iter=1] CHECKPOINT TRIGGERED elapsed_min=240.1 files_completed=142 new_files_this_iter=142 mem_mb=936 MB
[2026-04-18T01:09:39Z] [iter=1] Writing partial enrichment graph path=/home/runner/work/forx/forx/storage/aggregate/lsp/52b821dfc304b061b3c2d528f91011229d25f0a1.nq.gz triples=124588
[2026-04-18T01:09:42Z] [iter=1] Checkpoint written, exiting with code 7
[2026-04-18T01:09:42Z] [iter=1] PHASE END: enrich (checkpointed) elapsed_s=14407 elapsed_min=240.1 files_completed=142
